<?xml version="1.0" encoding="UTF-8"?>
<!-- Generated by org.testng.reporters.JUnitXMLReporter -->
<testsuite hostname="LAPTOP-8LOAM9LK" ignored="0" name="Default test" tests="3" failures="0" timestamp="2020-06-01T15:47:00 CDT" time="65.723" errors="0">
  <testcase name="createReports" time="17.616" classname="com.hrms.testcases.DifferentReports"/>
  <testcase name="createReports" time="16.532" classname="com.hrms.testcases.DifferentReports"/>
  <testcase name="createReports" time="16.637" classname="com.hrms.testcases.DifferentReports"/>
</testsuite> <!-- Default test -->
