<?xml version="1.0" encoding="UTF-8"?>
<!-- Generated by org.testng.reporters.JUnitXMLReporter -->
<testsuite hostname="LAPTOP-8LOAM9LK" ignored="0" name="Test" tests="3" failures="0" timestamp="2020-06-02T13:47:09 CDT" time="80.772" errors="0">
  <testcase name="createReports" time="19.247" classname="com.hrms.testcases.DifferentReports"/>
  <testcase name="createReports" time="19.965" classname="com.hrms.testcases.DifferentReports"/>
  <testcase name="createReports" time="18.762" classname="com.hrms.testcases.DifferentReports"/>
</testsuite> <!-- Test -->
