<?xml version="1.0" encoding="UTF-8"?>
<!-- Generated by org.testng.reporters.JUnitXMLReporter -->
<testsuite hostname="LAPTOP-8LOAM9LK" ignored="2" name="Command line test" tests="4" failures="3" timestamp="2020-05-31T13:09:10 CDT" time="21.057" errors="0">
  <testcase name="test" time="0.0" classname="com.hrms.testcases.AddEmployeeTest">
    <skipped/>
  </testcase> <!-- test -->
  <testcase name="emptyUsernameLogin" time="0.086" classname="com.hrms.testcases.LoginTest">
    <failure type="java.lang.IllegalArgumentException" message="Keys to send should be a not null CharSequence">
      <![CDATA[java.lang.IllegalArgumentException: Keys to send should be a not null CharSequence
at org.openqa.selenium.remote.RemoteWebElement.sendKeys(RemoteWebElement.java:97)
at org.openqa.selenium.support.pagefactory.internal.LocatingElementHandler.invoke(LocatingElementHandler.java:51)
at com.sun.proxy.$Proxy10.sendKeys(Unknown Source)
at com.hrms.utils.CommonMethods.sendText(CommonMethods.java:32)
at com.hrms.testcases.LoginTest.emptyUsernameLogin(LoginTest.java:45)
at java.util.ArrayList.forEach(Unknown Source)
... Removed 41 stack frames]]>
    </failure>
  </testcase> <!-- emptyUsernameLogin -->
  <testcase name="invalidPasswordLogin" time="0.107" classname="com.hrms.testcases.LoginTest">
    <failure type="java.lang.IllegalArgumentException" message="Keys to send should be a not null CharSequence">
      <![CDATA[java.lang.IllegalArgumentException: Keys to send should be a not null CharSequence
at org.openqa.selenium.remote.RemoteWebElement.sendKeys(RemoteWebElement.java:97)
at org.openqa.selenium.support.pagefactory.internal.LocatingElementHandler.invoke(LocatingElementHandler.java:51)
at com.sun.proxy.$Proxy10.sendKeys(Unknown Source)
at com.hrms.utils.CommonMethods.sendText(CommonMethods.java:32)
at com.hrms.testcases.LoginTest.invalidPasswordLogin(LoginTest.java:34)
at java.util.ArrayList.forEach(Unknown Source)
... Removed 41 stack frames]]>
    </failure>
  </testcase> <!-- invalidPasswordLogin -->
  <testcase name="validAdminLogin" time="0.108" classname="com.hrms.testcases.LoginTest">
    <failure type="java.lang.IllegalArgumentException" message="Keys to send should be a not null CharSequence">
      <![CDATA[java.lang.IllegalArgumentException: Keys to send should be a not null CharSequence
at org.openqa.selenium.remote.RemoteWebElement.sendKeys(RemoteWebElement.java:97)
at org.openqa.selenium.support.pagefactory.internal.LocatingElementHandler.invoke(LocatingElementHandler.java:51)
at com.sun.proxy.$Proxy10.sendKeys(Unknown Source)
at com.hrms.utils.CommonMethods.sendText(CommonMethods.java:32)
at com.hrms.testcases.LoginTest.validAdminLogin(LoginTest.java:20)
at java.util.ArrayList.forEach(Unknown Source)
... Removed 41 stack frames]]>
    </failure>
  </testcase> <!-- validAdminLogin -->
  <testcase name="@BeforeTest generateReport" time="0.0" classname="com.hrms.testbase.BaseClass">
    <ignored/>
  </testcase> <!-- @BeforeTest generateReport -->
  <testcase name="@AfterTest writeReport" time="0.0" classname="com.hrms.testbase.BaseClass">
    <ignored/>
  </testcase> <!-- @AfterTest writeReport -->
</testsuite> <!-- Command line test -->
