<?xml version="1.0" encoding="UTF-8"?>
<!-- Generated by org.testng.reporters.JUnitXMLReporter -->
<testsuite hostname="LAPTOP-8LOAM9LK" ignored="3" name="Regression Test" tests="3" failures="2" timestamp="2020-05-31T12:01:35 CDT" time="11.915" errors="0">
  <testcase name="test" time="0.0" classname="com.hrms.testcases.AddEmployeeTest">
    <skipped/>
  </testcase> <!-- test -->
  <testcase name="emptyUsernameLogin" time="0.123" classname="com.hrms.testcases.LoginTest">
    <failure type="java.lang.IllegalArgumentException" message="Keys to send should be a not null CharSequence">
      <![CDATA[java.lang.IllegalArgumentException: Keys to send should be a not null CharSequence
at org.openqa.selenium.remote.RemoteWebElement.sendKeys(RemoteWebElement.java:97)
at org.openqa.selenium.support.pagefactory.internal.LocatingElementHandler.invoke(LocatingElementHandler.java:51)
at com.sun.proxy.$Proxy12.sendKeys(Unknown Source)
at com.hrms.utils.CommonMethods.sendText(CommonMethods.java:32)
at com.hrms.testcases.LoginTest.emptyUsernameLogin(LoginTest.java:45)
at java.util.ArrayList.forEach(Unknown Source)
... Removed 31 stack frames]]>
    </failure>
  </testcase> <!-- emptyUsernameLogin -->
  <testcase name="invalidPasswordLogin" time="0.12" classname="com.hrms.testcases.LoginTest">
    <failure type="java.lang.IllegalArgumentException" message="Keys to send should be a not null CharSequence">
      <![CDATA[java.lang.IllegalArgumentException: Keys to send should be a not null CharSequence
at org.openqa.selenium.remote.RemoteWebElement.sendKeys(RemoteWebElement.java:97)
at org.openqa.selenium.support.pagefactory.internal.LocatingElementHandler.invoke(LocatingElementHandler.java:51)
at com.sun.proxy.$Proxy12.sendKeys(Unknown Source)
at com.hrms.utils.CommonMethods.sendText(CommonMethods.java:32)
at com.hrms.testcases.LoginTest.invalidPasswordLogin(LoginTest.java:34)
at java.util.ArrayList.forEach(Unknown Source)
... Removed 31 stack frames]]>
    </failure>
  </testcase> <!-- invalidPasswordLogin -->
  <testcase name="@BeforeTest generateReport" time="0.0" classname="com.hrms.testbase.BaseClass">
    <ignored/>
  </testcase> <!-- @BeforeTest generateReport -->
  <testcase name="@AfterTest writeReport" time="0.0" classname="com.hrms.testbase.BaseClass">
    <ignored/>
  </testcase> <!-- @AfterTest writeReport -->
  <testcase name="validAdminLogin" time="0.0" classname="com.hrms.testcases.LoginTest">
    <ignored/>
  </testcase> <!-- validAdminLogin -->
</testsuite> <!-- Regression Test -->
