<?xml version="1.0" encoding="UTF-8"?>
<!-- Generated by org.testng.reporters.JUnitReportReporter -->
<testsuite skipped="0" hostname="LAPTOP-8LOAM9LK" name="com.hrms.testcases.DifferentReports" tests="3" failures="0" timestamp="2020-06-02T13:47:09 CDT" time="78.841" errors="0">
  <testcase name="createReports" time="25.736" classname="com.hrms.testcases.DifferentReports"/>
  <system-out/>
  <testcase name="createReports" time="27.587" classname="com.hrms.testcases.DifferentReports"/>
  <system-out/>
  <testcase name="createReports" time="25.518" classname="com.hrms.testcases.DifferentReports"/>
  <system-out/>
</testsuite> <!-- com.hrms.testcases.DifferentReports -->
